0.00 0.00 0.00 0.00 0.00 
0.00 7.00 7.00 7.00 0.00 
0.00 7.00 7.00 7.00 0.00 
0.00 7.00 7.00 7.00 0.00 
0.00 0.00 0.00 0.00 0.00 


0.00 3.00 3.00 3.00 0.00 
5.00 4.63 4.19 3.24 0.00 
5.00 4.73 4.18 3.10 0.00 
5.00 3.80 3.21 2.41 0.00 
0.00 0.00 0.00 0.00 0.00 


0.00 3.00 3.00 3.00 0.00 
5.00 3.85 3.12 2.15 0.00 
5.00 3.77 2.83 1.75 0.00 
5.00 2.83 1.91 1.13 0.00 
0.00 0.00 0.00 0.00 0.00 


0.00 3.00 3.00 3.00 0.00 
5.00 3.55 2.71 1.79 0.00 
5.00 3.38 2.27 1.27 0.00 
5.00 2.50 1.44 0.74 0.00 
0.00 0.00 0.00 0.00 0.00 


0.00 0.00 0.00 0.00 0.00 
0.00 3.40 2.50 1.64 0.00 
0.00 3.17 1.99 1.06 0.00 
0.00 2.34 1.23 0.58 0.00 
0.00 0.00 0.00 0.00 0.00 


0.00 0.00 0.00 0.00 0.00 
0.00 3.55 2.71 1.79 0.00 
0.00 3.38 2.27 1.27 0.00 
0.00 2.50 1.44 0.74 0.00 
0.00 0.00 0.00 0.00 0.00 


0.00 3.00 3.00 3.00 0.00 
5.00 3.40 2.50 1.64 0.00 
5.00 3.17 1.99 1.06 0.00 
5.00 2.34 1.23 0.58 0.00 
0.00 0.00 0.00 0.00 0.00 


0.00 3.00 3.00 3.00 0.00 
5.00 3.18 2.25 1.48 0.00 
5.00 2.90 1.70 0.88 0.00 
5.00 2.16 1.04 0.47 0.00 
0.00 0.00 0.00 0.00 0.00 


0.00 3.00 3.00 3.00 0.00 
5.00 2.51 1.67 1.12 0.00 
5.00 2.20 1.14 0.57 0.00 
5.00 1.68 0.69 0.29 0.00 
0.00 0.00 0.00 0.00 0.00 


0.00 0.00 0.00 0.00 0.00 
0.00 0.00 0.00 0.00 0.00 
0.00 0.00 0.00 0.00 0.00 
0.00 0.00 0.00 0.00 0.00 
0.00 0.00 0.00 0.00 0.00 


